[0404/155925:ERROR:process_info.cc(608)] range at 0xff28c000, size 0x230 fully unreadable
[0404/155925:ERROR:process_reader_win.cc(232)] ReadMemory at 0xf5e5e0 of 72 bytes failed: Only part of a ReadProcessMemory or WriteProcessMemory request was completed. (0x12B)
[0404/155925:ERROR:process_reader_win.cc(232)] ReadMemory at 0xf51600 of 784 bytes failed: Only part of a ReadProcessMemory or WriteProcessMemory request was completed. (0x12B)
[0404/155925:ERROR:process_snapshot_win.cc(302)] ReadMemory RTL_USER_PROCESS_PARAMETERS
[0404/155925:ERROR:process_reader_win.cc(141)] SuspendThread: Access is denied. (0x5)
[0404/155925:ERROR:process_reader_win.cc(232)] ReadMemory at 0x9c0000 of 64 bytes failed: Only part of a ReadProcessMemory or WriteProcessMemory request was completed. (0x12B)
[0404/155925:WARNING:pe_image_reader.cc(280)] could not read dos header from C:\Program Files (x86)\Google\Chrome\Application\chrome.exe
[0404/155925:ERROR:process_reader_win.cc(232)] ReadMemory at 0x77510000 of 64 bytes failed: Only part of a ReadProcessMemory or WriteProcessMemory request was completed. (0x12B)
[0404/155925:WARNING:pe_image_reader.cc(280)] could not read dos header from C:\WINDOWS\SYSTEM32\ntdll.dll
[0404/155925:ERROR:process_reader_win.cc(232)] ReadMemory at 0x74640000 of 64 bytes failed: Only part of a ReadProcessMemory or WriteProcessMemory request was completed. (0x12B)
[0404/155925:WARNING:pe_image_reader.cc(280)] could not read dos header from C:\WINDOWS\SYSTEM32\KERNELBASE.dll
[0404/155925:ERROR:process_reader_win.cc(232)] ReadMemory at 0x74a10000 of 64 bytes failed: Only part of a ReadProcessMemory or WriteProcessMemory request was completed. (0x12B)
[0404/155925:WARNING:pe_image_reader.cc(280)] could not read dos header from C:\WINDOWS\SYSTEM32\KERNEL32.DLL
[0404/155925:ERROR:process_reader_win.cc(232)] ReadMemory at 0x74290000 of 64 bytes failed: Only part of a ReadProcessMemory or WriteProcessMemory request was completed. (0x12B)
[0404/155925:WARNING:pe_image_reader.cc(280)] could not read dos header from C:\WINDOWS\system32\apphelp.dll
[0404/155925:ERROR:process_reader_win.cc(232)] ReadMemory at 0x76ce0000 of 64 bytes failed: Only part of a ReadProcessMemory or WriteProcessMemory request was completed. (0x12B)
[0404/155925:WARNING:pe_image_reader.cc(280)] could not read dos header from C:\WINDOWS\SYSTEM32\msvcrt.dll
[0404/155925:ERROR:process_reader_win.cc(232)] ReadMemory at 0x745b0000 of 64 bytes failed: Only part of a ReadProcessMemory or WriteProcessMemory request was completed. (0x12B)
[0404/155925:WARNING:pe_image_reader.cc(280)] could not read dos header from C:\WINDOWS\SYSTEM32\bcryptPrimitives.dll
[0404/155925:ERROR:process_reader_win.cc(232)] ReadMemory at 0x74610000 of 64 bytes failed: Only part of a ReadProcessMemory or WriteProcessMemory request was completed. (0x12B)
[0404/155925:WARNING:pe_image_reader.cc(280)] could not read dos header from C:\WINDOWS\SYSTEM32\CRYPTBASE.dll
[0404/155925:ERROR:process_reader_win.cc(232)] ReadMemory at 0x74620000 of 64 bytes failed: Only part of a ReadProcessMemory or WriteProcessMemory request was completed. (0x12B)
[0404/155925:WARNING:pe_image_reader.cc(280)] could not read dos header from C:\WINDOWS\SYSTEM32\SspiCli.dll
[0404/155925:ERROR:process_reader_win.cc(232)] ReadMemory at 0x74b00000 of 64 bytes failed: Only part of a ReadProcessMemory or WriteProcessMemory request was completed. (0x12B)
[0404/155925:WARNING:pe_image_reader.cc(280)] could not read dos header from C:\WINDOWS\SYSTEM32\RPCRT4.dll
[0404/155925:ERROR:process_reader_win.cc(232)] ReadMemory at 0x74bb0000 of 64 bytes failed: Only part of a ReadProcessMemory or WriteProcessMemory request was completed. (0x12B)
[0404/155925:WARNING:pe_image_reader.cc(280)] could not read dos header from C:\WINDOWS\SYSTEM32\sechost.dll
[0404/155925:ERROR:process_reader_win.cc(232)] ReadMemory at 0x76e00000 of 64 bytes failed: Only part of a ReadProcessMemory or WriteProcessMemory request was completed. (0x12B)
[0404/155925:WARNING:pe_image_reader.cc(280)] could not read dos header from C:\WINDOWS\SYSTEM32\ADVAPI32.dll
[0404/155925:ERROR:process_reader_win.cc(232)] ReadMemory at 0x74440000 of 64 bytes failed: Only part of a ReadProcessMemory or WriteProcessMemory request was completed. (0x12B)
[0404/155925:WARNING:pe_image_reader.cc(280)] could not read dos header from C:\Program Files (x86)\Google\Chrome\Application\49.0.2623.110\chrome_elf.dll
[0404/155925:ERROR:process_reader_win.cc(232)] ReadMemory at 0x744b0000 of 64 bytes failed: Only part of a ReadProcessMemory or WriteProcessMemory request was completed. (0x12B)
[0404/155925:WARNING:pe_image_reader.cc(280)] could not read dos header from C:\WINDOWS\SYSTEM32\WINHTTP.dll
[0404/155925:ERROR:process_reader_win.cc(232)] ReadMemory at 0x745a0000 of 64 bytes failed: Only part of a ReadProcessMemory or WriteProcessMemory request was completed. (0x12B)
[0404/155925:WARNING:pe_image_reader.cc(280)] could not read dos header from C:\WINDOWS\SYSTEM32\VERSION.dll
[0404/155925:ERROR:process_reader_win.cc(232)] ReadMemory at 0x768c0000 of 64 bytes failed: Only part of a ReadProcessMemory or WriteProcessMemory request was completed. (0x12B)
[0404/155925:WARNING:pe_image_reader.cc(280)] could not read dos header from C:\WINDOWS\SYSTEM32\cfgmgr32.dll
[0404/155925:ERROR:process_reader_win.cc(232)] ReadMemory at 0x71470000 of 64 bytes failed: Only part of a ReadProcessMemory or WriteProcessMemory request was completed. (0x12B)
[0404/155925:WARNING:pe_image_reader.cc(280)] could not read dos header from C:\WINDOWS\SYSTEM32\DEVOBJ.dll
[0404/155925:ERROR:process_reader_win.cc(232)] ReadMemory at 0x743e0000 of 64 bytes failed: Only part of a ReadProcessMemory or WriteProcessMemory request was completed. (0x12B)
[0404/155925:WARNING:pe_image_reader.cc(280)] could not read dos header from C:\WINDOWS\SYSTEM32\WINMMBASE.dll
[0404/155925:ERROR:process_reader_win.cc(232)] ReadMemory at 0x77370000 of 64 bytes failed: Only part of a ReadProcessMemory or WriteProcessMemory request was completed. (0x12B)
[0404/155925:WARNING:pe_image_reader.cc(280)] could not read dos header from C:\WINDOWS\SYSTEM32\GDI32.dll
[0404/155925:ERROR:process_reader_win.cc(232)] ReadMemory at 0x77230000 of 64 bytes failed: Only part of a ReadProcessMemory or WriteProcessMemory request was completed. (0x12B)
[0404/155925:WARNING:pe_image_reader.cc(280)] could not read dos header from C:\WINDOWS\SYSTEM32\USER32.dll
[0404/155925:ERROR:process_reader_win.cc(232)] ReadMemory at 0x76ee0000 of 64 bytes failed: Only part of a ReadProcessMemory or WriteProcessMemory request was completed. (0x12B)
[0404/155925:WARNING:pe_image_reader.cc(280)] could not read dos header from C:\WINDOWS\SYSTEM32\MSCTF.dll
[0404/155925:ERROR:process_reader_win.cc(232)] ReadMemory at 0x774e0000 of 64 bytes failed: Only part of a ReadProcessMemory or WriteProcessMemory request was completed. (0x12B)
[0404/155925:WARNING:pe_image_reader.cc(280)] could not read dos header from C:\WINDOWS\SYSTEM32\IMM32.DLL
[0404/155925:ERROR:process_reader_win.cc(232)] ReadMemory at 0x74410000 of 64 bytes failed: Only part of a ReadProcessMemory or WriteProcessMemory request was completed. (0x12B)
[0404/155925:WARNING:pe_image_reader.cc(280)] could not read dos header from C:\WINDOWS\SYSTEM32\WINMM.dll
[0404/155925:ERROR:process_reader_win.cc(232)] ReadMemory at 0x76a30000 of 64 bytes failed: Only part of a ReadProcessMemory or WriteProcessMemory request was completed. (0x12B)
[0404/155925:WARNING:pe_image_reader.cc(280)] could not read dos header from C:\WINDOWS\SYSTEM32\profapi.dll
[0404/155925:ERROR:process_reader_win.cc(232)] ReadMemory at 0x743c0000 of 64 bytes failed: Only part of a ReadProcessMemory or WriteProcessMemory request was completed. (0x12B)
[0404/155925:WARNING:pe_image_reader.cc(280)] could not read dos header from C:\WINDOWS\SYSTEM32\USERENV.dll
[0404/155925:ERROR:process_reader_win.cc(232)] ReadMemory at 0x743b0000 of 64 bytes failed: Only part of a ReadProcessMemory or WriteProcessMemory request was completed. (0x12B)
[0404/155925:WARNING:pe_image_reader.cc(280)] could not read dos header from C:\WINDOWS\SYSTEM32\WTSAPI32.dll
[0404/155925:ERROR:process_reader_win.cc(232)] ReadMemory at 0x74850000 of 64 bytes failed: Only part of a ReadProcessMemory or WriteProcessMemory request was completed. (0x12B)
[0404/155925:WARNING:pe_image_reader.cc(280)] could not read dos header from C:\WINDOWS\SYSTEM32\combase.dll
[0404/155925:ERROR:process_reader_win.cc(232)] ReadMemory at 0x76db0000 of 64 bytes failed: Only part of a ReadProcessMemory or WriteProcessMemory request was completed. (0x12B)
[0404/155925:WARNING:pe_image_reader.cc(280)] could not read dos header from C:\WINDOWS\SYSTEM32\shlwapi.dll
[0404/155925:ERROR:process_reader_win.cc(232)] ReadMemory at 0x753c0000 of 64 bytes failed: Only part of a ReadProcessMemory or WriteProcessMemory request was completed. (0x12B)
[0404/155925:WARNING:pe_image_reader.cc(280)] could not read dos header from C:\WINDOWS\SYSTEM32\kernel.appcore.dll
[0404/155925:ERROR:process_reader_win.cc(232)] ReadMemory at 0x747c0000 of 64 bytes failed: Only part of a ReadProcessMemory or WriteProcessMemory request was completed. (0x12B)
[0404/155925:WARNING:pe_image_reader.cc(280)] could not read dos header from C:\WINDOWS\SYSTEM32\shcore.dll
[0404/155925:ERROR:process_reader_win.cc(232)] ReadMemory at 0x77170000 of 64 bytes failed: Only part of a ReadProcessMemory or WriteProcessMemory request was completed. (0x12B)
[0404/155925:WARNING:pe_image_reader.cc(280)] could not read dos header from C:\WINDOWS\SYSTEM32\powrprof.dll
[0404/155925:ERROR:process_reader_win.cc(232)] ReadMemory at 0x74d60000 of 64 bytes failed: Only part of a ReadProcessMemory or WriteProcessMemory request was completed. (0x12B)
[0404/155925:WARNING:pe_image_reader.cc(280)] could not read dos header from C:\WINDOWS\SYSTEM32\windows.storage.dll
[0404/155925:ERROR:process_reader_win.cc(232)] ReadMemory at 0x75440000 of 64 bytes failed: Only part of a ReadProcessMemory or WriteProcessMemory request was completed. (0x12B)
[0404/155925:WARNING:pe_image_reader.cc(280)] could not read dos header from C:\WINDOWS\SYSTEM32\SHELL32.dll
[0404/155925:ERROR:process_reader_win.cc(232)] ReadMemory at 0x75430000 of 64 bytes failed: Only part of a ReadProcessMemory or WriteProcessMemory request was completed. (0x12B)
[0404/155925:WARNING:pe_image_reader.cc(280)] could not read dos header from C:\WINDOWS\SYSTEM32\PSAPI.DLL
[0404/155925:ERROR:process_reader_win.cc(232)] ReadMemory at 0x74360000 of 64 bytes failed: Only part of a ReadProcessMemory or WriteProcessMemory request was completed. (0x12B)
[0404/155925:WARNING:pe_image_reader.cc(280)] could not read dos header from C:\WINDOWS\SYSTEM32\bcrypt.dll
[0404/155925:ERROR:process_reader_win.cc(232)] ReadMemory at 0x728a0000 of 64 bytes failed: Only part of a ReadProcessMemory or WriteProcessMemory request was completed. (0x12B)
[0404/155925:WARNING:pe_image_reader.cc(280)] could not read dos header from C:\WINDOWS\SYSTEM32\WINSPOOL.DRV
[0404/155925:ERROR:process_reader_win.cc(232)] ReadMemory at 0x73440000 of 64 bytes failed: Only part of a ReadProcessMemory or WriteProcessMemory request was completed. (0x12B)
[0404/155925:WARNING:pe_image_reader.cc(280)] could not read dos header from C:\WINDOWS\WinSxS\x86_microsoft.windows.common-controls_6595b64144ccf1df_6.0.10240.16384_none_3bccb1ff6bcd1849\COMCTL32.dll
[0404/155925:ERROR:process_reader_win.cc(232)] ReadMemory at 0x76800000 of 64 bytes failed: Only part of a ReadProcessMemory or WriteProcessMemory request was completed. (0x12B)
[0404/155925:WARNING:pe_image_reader.cc(280)] could not read dos header from C:\WINDOWS\SYSTEM32\COMDLG32.dll
[0404/155925:ERROR:process_reader_win.cc(232)] ReadMemory at 0x76a40000 of 64 bytes failed: Only part of a ReadProcessMemory or WriteProcessMemory request was completed. (0x12B)
[0404/155925:WARNING:pe_image_reader.cc(280)] could not read dos header from C:\WINDOWS\SYSTEM32\ole32.dll
[0404/155925:ERROR:process_reader_win.cc(232)] ReadMemory at 0x74c70000 of 64 bytes failed: Only part of a ReadProcessMemory or WriteProcessMemory request was completed. (0x12B)
[0404/155925:WARNING:pe_image_reader.cc(280)] could not read dos header from C:\WINDOWS\SYSTEM32\OLEAUT32.dll
[0404/155925:ERROR:process_reader_win.cc(232)] ReadMemory at 0x77220000 of 64 bytes failed: Only part of a ReadProcessMemory or WriteProcessMemory request was completed. (0x12B)
[0404/155925:WARNING:pe_image_reader.cc(280)] could not read dos header from C:\WINDOWS\SYSTEM32\NSI.dll
[0404/155925:ERROR:process_reader_win.cc(232)] ReadMemory at 0x74560000 of 64 bytes failed: Only part of a ReadProcessMemory or WriteProcessMemory request was completed. (0x12B)
[0404/155925:WARNING:pe_image_reader.cc(280)] could not read dos header from C:\WINDOWS\SYSTEM32\WINNSI.DLL
[0404/155925:ERROR:process_reader_win.cc(232)] ReadMemory at 0x74570000 of 64 bytes failed: Only part of a ReadProcessMemory or WriteProcessMemory request was completed. (0x12B)
[0404/155925:WARNING:pe_image_reader.cc(280)] could not read dos header from C:\WINDOWS\SYSTEM32\IPHLPAPI.DLL
[0404/155925:ERROR:process_reader_win.cc(232)] ReadMemory at 0x74c00000 of 64 bytes failed: Only part of a ReadProcessMemory or WriteProcessMemory request was completed. (0x12B)
[0404/155925:WARNING:pe_image_reader.cc(280)] could not read dos header from C:\WINDOWS\SYSTEM32\WS2_32.dll
[0404/155925:ERROR:process_reader_win.cc(232)] ReadMemory at 0x73320000 of 64 bytes failed: Only part of a ReadProcessMemory or WriteProcessMemory request was completed. (0x12B)
[0404/155925:WARNING:pe_image_reader.cc(280)] could not read dos header from C:\WINDOWS\SYSTEM32\USP10.dll
[0404/155925:ERROR:process_reader_win.cc(232)] ReadMemory at 0x74c60000 of 64 bytes failed: Only part of a ReadProcessMemory or WriteProcessMemory request was completed. (0x12B)
[0404/155925:WARNING:pe_image_reader.cc(280)] could not read dos header from C:\WINDOWS\SYSTEM32\MSASN1.dll
[0404/155925:ERROR:process_reader_win.cc(232)] ReadMemory at 0x75240000 of 64 bytes failed: Only part of a ReadProcessMemory or WriteProcessMemory request was completed. (0x12B)
[0404/155925:WARNING:pe_image_reader.cc(280)] could not read dos header from C:\WINDOWS\SYSTEM32\CRYPT32.dll
[0404/155925:ERROR:process_reader_win.cc(232)] ReadMemory at 0x74d10000 of 64 bytes failed: Only part of a ReadProcessMemory or WriteProcessMemory request was completed. (0x12B)
[0404/155925:WARNING:pe_image_reader.cc(280)] could not read dos header from C:\WINDOWS\SYSTEM32\WINTRUST.dll
[0404/155925:ERROR:process_reader_win.cc(232)] ReadMemory at 0x73a70000 of 64 bytes failed: Only part of a ReadProcessMemory or WriteProcessMemory request was completed. (0x12B)
[0404/155925:WARNING:pe_image_reader.cc(280)] could not read dos header from C:\WINDOWS\SYSTEM32\Secur32.dll
[0404/155925:ERROR:process_reader_win.cc(232)] ReadMemory at 0x6bd60000 of 64 bytes failed: Only part of a ReadProcessMemory or WriteProcessMemory request was completed. (0x12B)
[0404/155925:WARNING:pe_image_reader.cc(280)] could not read dos header from C:\Program Files (x86)\Google\Chrome\Application\49.0.2623.110\chrome_child.dll
[0404/155925:ERROR:process_reader_win.cc(232)] ReadMemory at 0x73f80000 of 64 bytes failed: Only part of a ReadProcessMemory or WriteProcessMemory request was completed. (0x12B)
[0404/155925:WARNING:pe_image_reader.cc(280)] could not read dos header from C:\WINDOWS\SYSTEM32\dwrite.dll
[0404/155925:ERROR:process_reader_win.cc(232)] ReadMemory at 0xa6c154 of 12 bytes failed: Only part of a ReadProcessMemory or WriteProcessMemory request was completed. (0x12B)
[0404/155925:WARNING:process_snapshot_win.cc(89)] ReadMemory ExceptionInformation failed
[0404/155925:WARNING:crash_report_exception_handler.cc(60)] ProcessSnapshotWin::InitializeException failed
[0404/155925:ERROR:scoped_process_suspend.cc(38)] NtResumeProcess, ntstatus=-1073741558
[0404/201628:ERROR:process_info.cc(608)] range at 0xfeed8000, size 0x230 fully unreadable
[0404/201628:ERROR:process_info.cc(608)] range at 0xfeedf000, size 0xf84 fully unreadable
[0404/201628:ERROR:process_info.cc(608)] range at 0xfeed7000, size 0xf84 fully unreadable
[0404/201628:ERROR:process_info.cc(608)] range at 0xfedaf000, size 0xf84 fully unreadable
[0404/201628:ERROR:process_info.cc(608)] range at 0xfedac000, size 0xf84 fully unreadable
[0404/201628:ERROR:process_info.cc(608)] range at 0xfeda9000, size 0xf84 fully unreadable
[0404/201628:ERROR:process_info.cc(608)] range at 0xfeda6000, size 0xf84 fully unreadable
[0404/201628:ERROR:process_info.cc(608)] range at 0xfeda3000, size 0xf84 fully unreadable
[0404/201628:ERROR:process_info.cc(608)] range at 0xfed9a000, size 0xf84 fully unreadable
[0404/201628:ERROR:process_info.cc(608)] range at 0xfed97000, size 0xf84 fully unreadable
[0404/201628:ERROR:process_info.cc(608)] range at 0xfeda0000, size 0xf84 fully unreadable
[0405/010219:ERROR:process_info.cc(608)] range at 0xfea84000, size 0x230 fully unreadable
[0405/010219:ERROR:process_info.cc(608)] range at 0xfea8f000, size 0xf84 fully unreadable
[0405/010219:ERROR:process_info.cc(608)] range at 0xfea8b000, size 0xf84 fully unreadable
[0405/010219:ERROR:process_info.cc(608)] range at 0xfea88000, size 0xf84 fully unreadable
[0405/010219:ERROR:process_info.cc(608)] range at 0xfe95f000, size 0xf84 fully unreadable
[0405/010219:ERROR:process_info.cc(608)] range at 0xfe95c000, size 0xf84 fully unreadable
[0405/010219:ERROR:process_info.cc(608)] range at 0xfe959000, size 0xf84 fully unreadable
[0405/010219:ERROR:process_info.cc(608)] range at 0xfe956000, size 0xf84 fully unreadable
[0405/010219:ERROR:process_info.cc(608)] range at 0xfe953000, size 0xf84 fully unreadable
[0405/010219:ERROR:process_info.cc(608)] range at 0xfe94d000, size 0xf84 fully unreadable
[0405/010219:ERROR:process_info.cc(608)] range at 0xfe947000, size 0xf84 fully unreadable
[0405/010219:ERROR:process_info.cc(608)] range at 0xfe941000, size 0xf84 fully unreadable
[0405/010219:ERROR:process_info.cc(608)] range at 0xfe950000, size 0xf84 fully unreadable
[0405/010219:ERROR:process_info.cc(608)] range at 0xfe94a000, size 0xf84 fully unreadable
